[    0.000000] Initializing cgroup subsys cpuset
[    0.000000] Initializing cgroup subsys cpu
[    0.000000] Initializing cgroup subsys cpuacct
[    0.000000] Linux version 4.4.0-210-generic (buildd@lgw01-amd64-009) (gcc version 5.4.0 20160609 (Ubuntu 5.4.0-6ubuntu1~16.04.12) ) #242-Ubuntu SMP Fri Apr 16 09:57:56 UTC 2021 (Ubuntu 4.4.0-210.242-generic 4.4.262)
[    0.000000] Command line: BOOT_IMAGE=/boot/vmlinuz-4.4.0-210-generic root=LABEL=cloudimg-rootfs ro console=tty1 console=ttyS0
[    0.000000] KERNEL supported cpus:
[    0.000000]   Intel GenuineIntel
[    0.000000]   AMD AuthenticAMD
[    0.000000]   Centaur CentaurHauls
[    0.000000] x86/fpu: Legacy x87 FPU detected.
[    0.000000] e820: BIOS-provided physical RAM map:
[    0.000000] BIOS-e820: [mem 0x0000000000000000-0x000000000009fbff] usable
[    0.000000] BIOS-e820: [mem 0x000000000009fc00-0x000000000009ffff] reserved
[    0.000000] BIOS-e820: [mem 0x00000000000f0000-0x00000000000fffff] reserved
[    0.000000] BIOS-e820: [mem 0x0000000000100000-0x000000003ffeffff] usable
[    0.000000] BIOS-e820: [mem 0x000000003fff0000-0x000000003fffffff] ACPI data
[    0.000000] BIOS-e820: [mem 0x00000000fec00000-0x00000000fec00fff] reserved
[    0.000000] BIOS-e820: [mem 0x00000000fee00000-0x00000000fee00fff] reserved
[    0.000000] BIOS-e820: [mem 0x00000000fffc0000-0x00000000ffffffff] reserved
[    0.000000] NX (Execute Disable) protection: active
[    0.000000] SMBIOS 2.5 present.
[    0.000000] Hypervisor detected: KVM
[    0.000000] Kernel/User page tables isolation: disabled
[    0.000000] e820: last_pfn = 0x3fff0 max_arch_pfn = 0x400000000
[    0.000000] MTRR: Disabled
[    0.000000] x86/PAT: MTRRs disabled, skipping PAT initialization too.
[    0.000000] CPU MTRRs all blank - virtualized system.
[    0.000000] x86/PAT: Configuration [0-7]: WB  WT  UC- UC  WB  WT  UC- UC  
[    0.000000] found SMP MP-table at [mem 0x0009fff0-0x0009ffff] mapped at [ffff88000009fff0]
[    0.000000] Scanning 1 areas for low memory corruption
[    0.000000] RAMDISK: [mem 0x362dc000-0x37165fff]
[    0.000000] ACPI: Early table checksum verification disabled
[    0.000000] ACPI: RSDP 0x00000000000E0000 000024 (v02 VBOX  )
[    0.000000] ACPI: XSDT 0x000000003FFF0030 00003C (v01 VBOX   VBOXXSDT 00000001 ASL  00000061)
[    0.000000] ACPI: FACP 0x000000003FFF00F0 0000F4 (v04 VBOX   VBOXFACP 00000001 ASL  00000061)
[    0.000000] ACPI: DSDT 0x000000003FFF0610 002353 (v02 VBOX   VBOXBIOS 00000002 INTL 20100528)
[    0.000000] ACPI: FACS 0x000000003FFF0200 000040
[    0.000000] ACPI: FACS 0x000000003FFF0200 000040
[    0.000000] ACPI: APIC 0x000000003FFF0240 00005C (v02 VBOX   VBOXAPIC 00000001 ASL  00000061)
[    0.000000] ACPI: SSDT 0x000000003FFF02A0 00036C (v01 VBOX   VBOXCPUT 00000002 INTL 20100528)
[    0.000000] No NUMA configuration found
[    0.000000] Faking a node at [mem 0x0000000000000000-0x000000003ffeffff]
[    0.000000] NODE_DATA(0) allocated [mem 0x3ffeb000-0x3ffeffff]
[    0.000000] kvm-clock: Using msrs 4b564d01 and 4b564d00
[    0.000000] kvm-clock: cpu 0, msr 0:3ffe3001, primary cpu clock
[    0.000000] kvm-clock: using sched offset of 3721367419 cycles
[    0.000000] clocksource: kvm-clock: mask: 0xffffffffffffffff max_cycles: 0x1cd42e4dffb, max_idle_ns: 881590591483 ns
[    0.000000] Zone ranges:
[    0.000000]   DMA      [mem 0x0000000000001000-0x0000000000ffffff]
[    0.000000]   DMA32    [mem 0x0000000001000000-0x000000003ffeffff]
[    0.000000]   Normal   empty
[    0.000000]   Device   empty
[    0.000000] Movable zone start for each node
[    0.000000] Early memory node ranges
[    0.000000]   node   0: [mem 0x0000000000001000-0x000000000009efff]
[    0.000000]   node   0: [mem 0x0000000000100000-0x000000003ffeffff]
[    0.000000] Initmem setup node 0 [mem 0x0000000000001000-0x000000003ffeffff]
[    0.000000] ACPI: PM-Timer IO Port: 0x4008
[    0.000000] IOAPIC[0]: apic_id 2, version 32, address 0xfec00000, GSI 0-23
[    0.000000] ACPI: INT_SRC_OVR (bus 0 bus_irq 0 global_irq 2 dfl dfl)
[    0.000000] ACPI: INT_SRC_OVR (bus 0 bus_irq 9 global_irq 9 low level)
[    0.000000] Using ACPI (MADT) for SMP configuration information
[    0.000000] smpboot: Allowing 2 CPUs, 0 hotplug CPUs
[    0.000000] PM: Registered nosave memory: [mem 0x00000000-0x00000fff]
[    0.000000] PM: Registered nosave memory: [mem 0x0009f000-0x0009ffff]
[    0.000000] PM: Registered nosave memory: [mem 0x000a0000-0x000effff]
[    0.000000] PM: Registered nosave memory: [mem 0x000f0000-0x000fffff]
[    0.000000] e820: [mem 0x40000000-0xfebfffff] available for PCI devices
[    0.000000] Booting paravirtualized kernel on KVM
[    0.000000] clocksource: refined-jiffies: mask: 0xffffffff max_cycles: 0xffffffff, max_idle_ns: 7645519600211568 ns
[    0.000000] setup_percpu: NR_CPUS:512 nr_cpumask_bits:512 nr_cpu_ids:2 nr_node_ids:1
[    0.000000] PERCPU: Embedded 33 pages/cpu @ffff88003fc00000 s95192 r8192 d31784 u1048576
[    0.000000] Built 1 zonelists in Node order, mobility grouping on.  Total pages: 257912
[    0.000000] Policy zone: DMA32
[    0.000000] Kernel command line: BOOT_IMAGE=/boot/vmlinuz-4.4.0-210-generic root=LABEL=cloudimg-rootfs ro console=tty1 console=ttyS0
[    0.000000] PID hash table entries: 4096 (order: 3, 32768 bytes)
[    0.000000] Memory: 997792K/1048120K available (8644K kernel code, 1332K rwdata, 4044K rodata, 1492K init, 1164K bss, 50328K reserved, 0K cma-reserved)
[    0.000000] SLUB: HWalign=64, Order=0-3, MinObjects=0, CPUs=2, Nodes=1
[    0.000000] Hierarchical RCU implementation.
[    0.000000] 	Build-time adjustment of leaf fanout to 64.
[    0.000000] 	RCU restricting CPUs from NR_CPUS=512 to nr_cpu_ids=2.
[    0.000000] RCU: Adjusting geometry for rcu_fanout_leaf=64, nr_cpu_ids=2
[    0.000000] NR_IRQS:33024 nr_irqs:440 16
[    0.000000] Console: colour VGA+ 80x25
[    0.000000] console [tty1] enabled
[    0.000000] console [ttyS0] enabled
[    0.000000] tsc: Detected 2592.008 MHz processor
[    0.597598] Calibrating delay loop (skipped) preset value.. 5184.01 BogoMIPS (lpj=10368032)
[    0.605740] pid_max: default: 32768 minimum: 301
[    0.609702] ACPI: Core revision 20150930
[    0.613832] ACPI: 2 ACPI AML tables successfully acquired and loaded
[    0.622569] Security Framework initialized
[    0.672710] Yama: becoming mindful.
[    0.680099] AppArmor: AppArmor initialized
[    0.687411] Dentry cache hash table entries: 131072 (order: 8, 1048576 bytes)
[    0.713192] Inode-cache hash table entries: 65536 (order: 7, 524288 bytes)
[    0.726699] Mount-cache hash table entries: 2048 (order: 2, 16384 bytes)
[    0.733766] Mountpoint-cache hash table entries: 2048 (order: 2, 16384 bytes)
[    0.742857] Initializing cgroup subsys io
[    0.748425] Initializing cgroup subsys memory
[    0.752576] Initializing cgroup subsys devices
[    0.757118] Initializing cgroup subsys freezer
[    0.760730] Initializing cgroup subsys net_cls
[    0.764414] Initializing cgroup subsys perf_event
[    0.770047] Initializing cgroup subsys net_prio
[    0.779000] Initializing cgroup subsys hugetlb
[    0.784222] Initializing cgroup subsys pids
[    0.795452] mce: CPU supports 0 MCE banks
[    0.800184] Last level iTLB entries: 4KB 64, 2MB 8, 4MB 8
[    0.807049] Last level dTLB entries: 4KB 64, 2MB 0, 4MB 0, 1GB 4
[    0.813565] Spectre V1 : Mitigation: usercopy/swapgs barriers and __user pointer sanitization
[    0.827252] Spectre V2 : Mitigation: Enhanced IBRS
[    0.836946] Spectre V2 : Spectre v2 / SpectreRSB mitigation: Filling RSB on context switch
[    0.847095] Speculative Store Bypass: Vulnerable
[    0.917279] Freeing SMP alternatives memory: 36K
[    1.040176] ftrace: allocating 32380 entries in 127 pages
[    1.857089] smpboot: APIC(0) Converting physical 0 to logical package 0
[    1.863769] smpboot: Max logical packages: 1
[    1.884017] ..TIMER: vector=0x30 apic1=0 pin1=2 apic2=-1 pin2=-1
[    1.999488] APIC calibration not consistent with PM-Timer: 98ms instead of 100ms
[    2.008596] APIC delta adjusted to PM-Timer: 6224132 (6109736)
[    2.014498] smpboot: CPU0: Intel(R) Core(TM) i7-10750H CPU @ 2.60GHz (family: 0x6, model: 0xa5, stepping: 0x2)
[    2.025330] Performance Events: unsupported p6 CPU model 165 no PMU driver, software events only.
[    2.155090] KVM setup paravirtual spinlock
[    2.161753] x86: Booting SMP configuration:
[    2.167903] .... node  #0, CPUs:      #1
[    2.172849] kvm-clock: cpu 1, msr 0:3ffe3041, secondary cpu clock
[    2.180402] mce: CPU supports 0 MCE banks
[    2.185145] TSC synchronization [CPU#0 -> CPU#1]:
[    2.189483] Measured 99907 cycles TSC warp between CPUs, turning off TSC clock.
[    2.195356] tsc: Marking TSC unstable due to check_tsc_sync_source failed
[    0.632610] x86: Booted up 1 node, 2 CPUs
[    0.636003] smpboot: Total of 2 processors activated (10368.03 BogoMIPS)
[    0.644505] devtmpfs: initialized
[    0.649907] evm: security.selinux
[    0.652004] evm: security.SMACK64
[    0.656002] evm: security.SMACK64EXEC
[    0.660002] evm: security.SMACK64TRANSMUTE
[    0.663231] evm: security.SMACK64MMAP
[    0.664002] evm: security.ima
[    0.666240] evm: security.capability
[    0.668281] clocksource: jiffies: mask: 0xffffffff max_cycles: 0xffffffff, max_idle_ns: 7645041785100000 ns
[    0.672009] futex hash table entries: 512 (order: 3, 32768 bytes)
[    0.680340] pinctrl core: initialized pinctrl subsystem
[    0.684361] RTC time:  8:03:55, date: 05/09/23
[    0.692195] NET: Registered protocol family 16
[    0.708020] cpuidle: using governor ladder
[    0.724007] cpuidle: using governor menu
[    0.728174] PCCT header not found.
[    0.732154] ACPI: bus type PCI registered
[    0.736006] acpiphp: ACPI Hot Plug PCI Controller Driver version: 0.5
[    0.740447] PCI: Using configuration type 1 for base access
[    0.764479] ACPI: Added _OSI(Module Device)
[    0.768006] ACPI: Added _OSI(Processor Device)
[    0.772003] ACPI: Added _OSI(3.0 _SCP Extensions)
[    0.776004] ACPI: Added _OSI(Processor Aggregator Device)
[    0.785151] ACPI: Executed 1 blocks of module-level executable AML code
[    0.793335] ACPI: Interpreter enabled
[    0.796042] ACPI: (supports S0 S5)
[    0.800004] ACPI: Using IOAPIC for interrupt routing
[    0.804333] PCI: Using host bridge windows from ACPI; if necessary, use "pci=nocrs" and report a bug
[    0.814782] ACPI: PCI Root Bridge [PCI0] (domain 0000 [bus 00-ff])
[    0.816008] acpi PNP0A03:00: _OSC: OS supports [ASPM ClockPM Segments MSI]
[    0.820699] acpi PNP0A03:00: _OSC: not requesting OS control; OS requires [ExtendedConfig ASPM ClockPM MSI]
[    0.824016] acpi PNP0A03:00: fail to add MMCONFIG information, can't access extended PCI configuration space under this bridge.
[    0.828653] PCI host bridge to bus 0000:00
[    0.832003] pci_bus 0000:00: root bus resource [io  0x0000-0x0cf7 window]
[    0.836006] pci_bus 0000:00: root bus resource [io  0x0d00-0xffff window]
[    0.840006] pci_bus 0000:00: root bus resource [mem 0x000a0000-0x000bffff window]
[    0.844006] pci_bus 0000:00: root bus resource [mem 0x40000000-0xfdffffff window]
[    0.848004] pci_bus 0000:00: root bus resource [bus 00-ff]
[    0.862114] pci 0000:00:01.1: legacy IDE quirk: reg 0x10: [io  0x01f0-0x01f7]
[    0.864004] pci 0000:00:01.1: legacy IDE quirk: reg 0x14: [io  0x03f6]
[    0.868004] pci 0000:00:01.1: legacy IDE quirk: reg 0x18: [io  0x0170-0x0177]
[    0.872003] pci 0000:00:01.1: legacy IDE quirk: reg 0x1c: [io  0x0376]
[    0.895347] pci 0000:00:07.0: quirk: [io  0x4000-0x403f] claimed by PIIX4 ACPI
[    0.896035] pci 0000:00:07.0: quirk: [io  0x4100-0x410f] claimed by PIIX4 SMB
[    0.912510] ACPI: PCI Interrupt Link [LNKA] (IRQs 5 9 10 *11)
[    0.921161] ACPI: PCI Interrupt Link [LNKB] (IRQs 5 9 *10 11)
[    0.928584] ACPI: PCI Interrupt Link [LNKC] (IRQs 5 *9 10 11)
[    0.937468] ACPI: PCI Interrupt Link [LNKD] (IRQs 5 9 10 *11)
[    0.945670] ACPI: Enabled 2 GPEs in block 00 to 07
[    0.948202] vgaarb: setting as boot device: PCI:0000:00:02.0
[    0.952000] vgaarb: device added: PCI:0000:00:02.0,decodes=io+mem,owns=io+mem,locks=none
[    0.952005] vgaarb: loaded
[    0.954472] vgaarb: bridge control possible 0000:00:02.0
[    0.956352] SCSI subsystem initialized
[    0.960189] ACPI: bus type USB registered
[    0.964047] usbcore: registered new interface driver usbfs
[    0.968062] usbcore: registered new interface driver hub
[    0.972011] usbcore: registered new device driver usb
[    0.976713] PCI: Using ACPI for IRQ routing
[    0.980967] NetLabel: Initializing
[    0.984004] NetLabel:  domain hash size = 128
[    0.988002] NetLabel:  protocols = UNLABELED CIPSOv4
[    0.992045] NetLabel:  unlabeled traffic allowed by default
[    1.000067] amd_nb: Cannot enumerate AMD northbridges
[    1.004311] clocksource: Switched to clocksource kvm-clock
[    1.012351] AppArmor: AppArmor Filesystem Enabled
[    1.012351] pnp: PnP ACPI init
[    1.012351] pnp: PnP ACPI: found 3 devices
[    1.096540] clocksource: acpi_pm: mask: 0xffffff max_cycles: 0xffffff, max_idle_ns: 2085701024 ns
[    1.100496] NET: Registered protocol family 2
[    1.112932] TCP established hash table entries: 8192 (order: 4, 65536 bytes)
[    1.119231] TCP bind hash table entries: 8192 (order: 5, 131072 bytes)
[    1.122913] TCP: Hash tables configured (established 8192 bind 8192)
[    1.122913] UDP hash table entries: 512 (order: 2, 16384 bytes)
[    1.122913] UDP-Lite hash table entries: 512 (order: 2, 16384 bytes)
[    1.122913] NET: Registered protocol family 1
[    1.122913] pci 0000:00:00.0: Limiting direct PCI/PCI transfers
[    1.122913] pci 0000:00:01.0: Activating ISA DMA hang workarounds
[    1.122913] Unpacking initramfs...
[    1.548936] Freeing initrd memory: 14888K
[    1.555117] clocksource: tsc: mask: 0xffffffffffffffff max_cycles: 0x255cbea3061, max_idle_ns: 440795313801 ns
[    1.564527] platform rtc_cmos: registered platform RTC device (no PNP device found)
[    1.573170] Scanning for low memory corruption every 60 seconds
[    1.579906] audit: initializing netlink subsys (disabled)
[    1.585663] audit: type=2000 audit(1683619440.953:1): initialized
[    1.591452] Initialise system trusted keyring
[    1.598133] HugeTLB registered 2 MB page size, pre-allocated 0 pages
[    1.606429] zbud: loaded
[    1.609755] VFS: Disk quotas dquot_6.6.0
[    1.615100] VFS: Dquot-cache hash table entries: 512 (order 0, 4096 bytes)
[    1.620725] squashfs: version 4.0 (2009/01/31) Phillip Lougher
[    1.629525] fuse init (API version 7.23)
[    1.634510] Key type big_key registered
[    1.638460] Allocating IMA MOK and blacklist keyrings.
[    1.662768] Key type asymmetric registered
[    1.667276] Asymmetric key parser 'x509' registered
[    1.673166] Block layer SCSI generic (bsg) driver version 0.4 loaded (major 249)
[    1.680912] io scheduler noop registered
[    1.684875] io scheduler deadline registered (default)
[    1.691570] io scheduler cfq registered
[    1.696376] pci_hotplug: PCI Hot Plug PCI Core version: 0.5
[    1.702533] pciehp: PCI Express Hot Plug Controller Driver version: 0.4
[    1.709649] ACPI: AC Adapter [AC] (on-line)
[    1.714531] input: Power Button as /devices/LNXSYSTM:00/LNXPWRBN:00/input/input0
[    1.722214] ACPI: Power Button [PWRF]
[    1.728724] input: Sleep Button as /devices/LNXSYSTM:00/LNXSLPBN:00/input/input1
[    1.737915] ACPI: Sleep Button [SLPF]
[    1.745321] ACPI: Battery Slot [BAT0] (battery present)
[    1.750346] GHES: HEST is not enabled!
[    1.755951] Serial: 8250/16550 driver, 32 ports, IRQ sharing enabled
[    1.787164] 00:02: ttyS0 at I/O 0x3f8 (irq = 4, base_baud = 115200) is a 16550A
[    1.819293] Linux agpgart interface v0.103
[    1.838972] loop: module loaded
[    1.847511] scsi host0: ata_piix
[    1.852520] scsi host1: ata_piix
[    1.857333] ata1: PATA max UDMA/33 cmd 0x1f0 ctl 0x3f6 bmdma 0xd000 irq 14
[    1.861207] ata2: PATA max UDMA/33 cmd 0x170 ctl 0x376 bmdma 0xd008 irq 15
[    1.871240] libphy: Fixed MDIO Bus: probed
[    1.876268] tun: Universal TUN/TAP device driver, 1.6
[    1.881602] tun: (C) 1999-2004 Max Krasnyansky <maxk@qualcomm.com>
[    1.887269] PPP generic driver version 2.4.2
[    1.891394] ehci_hcd: USB 2.0 'Enhanced' Host Controller (EHCI) Driver
[    1.897989] ehci-pci: EHCI PCI platform driver
[    1.902286] ehci-platform: EHCI generic platform driver
[    1.906727] ohci_hcd: USB 1.1 'Open' Host Controller (OHCI) Driver
[    1.912479] ohci-pci: OHCI PCI platform driver
[    1.916339] ohci-platform: OHCI generic platform driver
[    1.921518] uhci_hcd: USB Universal Host Controller Interface driver
[    1.928237] i8042: PNP: PS/2 Controller [PNP0303:PS2K,PNP0f03:PS2M] at 0x60,0x64 irq 1,12
[    1.938841] serio: i8042 KBD port at 0x60,0x64 irq 1
[    1.943873] serio: i8042 AUX port at 0x60,0x64 irq 12
[    1.950084] mousedev: PS/2 mouse device common for all mice
[    1.959964] input: AT Translated Set 2 keyboard as /devices/platform/i8042/serio0/input/input2
[    1.968334] rtc_cmos rtc_cmos: rtc core: registered rtc_cmos as rtc0
[    1.976319] rtc_cmos rtc_cmos: alarms up to one day, 114 bytes nvram
[    1.982876] i2c /dev entries driver
[    1.986091] device-mapper: uevent: version 1.0.3
[    1.991240] device-mapper: ioctl: 4.34.0-ioctl (2015-10-28) initialised: dm-devel@redhat.com
[    1.999042] ledtrig-cpu: registered to indicate activity on CPUs
[    2.008565] NET: Registered protocol family 10
[    2.013260] NET: Registered protocol family 17
[    2.016627] Key type dns_resolver registered
[    2.023922] registered taskstats version 1
[    2.027562] Loading compiled-in X.509 certificates
[    2.033360] Loaded X.509 cert 'Build time autogenerated kernel key: cf00e047681d67edb2720680708b7d9498083038'
[    2.044535] zswap: loaded using pool lzo/zbud
[    2.088742] Key type trusted registered
[    2.102799] Key type encrypted registered
[    2.107454] AppArmor: AppArmor sha1 policy hashing enabled
[    2.114754] ima: No TPM chip found, activating TPM-bypass!
[    2.120926] ima: Allocated hash algorithm: sha1
[    2.128333] evm: HMAC attrs: 0x1
[    2.134129]   Magic number: 7:30:68
[    2.138927] rtc_cmos rtc_cmos: setting system clock to 2023-05-09 08:03:57 UTC (1683619437)
[    2.149743] BIOS EDD facility v0.16 2004-Jun-25, 0 devices found
[    2.157812] EDD information not available.
[    2.166341] Freeing unused kernel memory: 1492K
[    2.184776] Write protecting the kernel read-only data: 14336k
[    2.194429] Freeing unused kernel memory: 1584K
[    2.201348] Freeing unused kernel memory: 52K
Loading, please wait...
starting version 229
[    2.238940] random: systemd-udevd: uninitialized urandom read (16 bytes read, 9 bits of entropy available)
[    2.239858] random: udevadm: uninitialized urandom read (16 bytes read, 9 bits of entropy available)
[    2.239870] random: udevadm: uninitialized urandom read (16 bytes read, 9 bits of entropy available)
[    2.252064] random: udevadm: uninitialized urandom read (16 bytes read, 9 bits of entropy available)
[    2.252114] random: udevadm: uninitialized urandom read (16 bytes read, 9 bits of entropy available)
[    2.252416] random: udevadm: uninitialized urandom read (16 bytes read, 9 bits of entropy available)
[    2.252525] random: udevadm: uninitialized urandom read (16 bytes read, 9 bits of entropy available)
[    2.252628] random: udevadm: uninitialized urandom read (16 bytes read, 9 bits of entropy available)
[    2.252662] random: udevadm: uninitialized urandom read (16 bytes read, 9 bits of entropy available)
[    2.252714] random: udevadm: uninitialized urandom read (16 bytes read, 9 bits of entropy available)
[    2.369020] e1000: Intel(R) PRO/1000 Network Driver - version 7.3.21-k8-NAPI
[    2.378995] e1000: Copyright (c) 1999-2006 Intel Corporation.
[    2.396297] Fusion MPT base driver 3.04.20
[    2.405762] Copyright (c) 1999-2008 LSI Corporation
[    2.484779] Fusion MPT SPI Host driver 3.04.20
[    2.492824] SSE version of gcm_enc/dec engaged.
[    2.745408] input: ImExPS/2 Generic Explorer Mouse as /devices/platform/i8042/serio1/input/input4
[    3.486464] e1000 0000:00:03.0 eth0: (PCI:33MHz:32-bit) 02:be:82:6b:cc:1d
[    3.494026] e1000 0000:00:03.0 eth0: Intel(R) PRO/1000 Network Connection
[    3.501771] mptbase: ioc0: Initiating bringup
[    3.604558] ioc0: LSI53C1030 A0: Capabilities={Initiator}
[    4.457444] scsi host2: ioc0: LSI53C1030 A0, FwRev=00000000h, Ports=1, MaxQ=256, IRQ=20
[    4.612246] scsi 2:0:0:0: Direct-Access     VBOX     HARDDISK         1.0  PQ: 0 ANSI: 5
[    4.625500] scsi target2:0:0: Beginning Domain Validation
[    4.638371] scsi target2:0:0: Domain Validation skipping write tests
[    4.650328] scsi target2:0:0: Ending Domain Validation
[    4.659873] scsi target2:0:0: asynchronous
[    4.669510] scsi 2:0:1:0: Direct-Access     VBOX     HARDDISK         1.0  PQ: 0 ANSI: 5
[    4.680782] scsi target2:0:1: Beginning Domain Validation
[    4.695526] scsi target2:0:1: Domain Validation skipping write tests
[    4.700567] scsi target2:0:1: Ending Domain Validation
[    4.706272] scsi target2:0:1: asynchronous
[    4.733451] sd 2:0:0:0: Attached scsi generic sg0 type 0
[    4.740645] sd 2:0:0:0: [sda] 83886080 512-byte logical blocks: (42.9 GB/40.0 GiB)
[    4.750916] sd 2:0:1:0: Attached scsi generic sg1 type 0
[    4.793668] sd 2:0:0:0: [sda] Write Protect is off
[    4.802995] sd 2:0:1:0: [sdb] 20480 512-byte logical blocks: (10.5 MB/10.0 MiB)
[    4.813175] sd 2:0:0:0: [sda] Incomplete mode parameter data
[    4.820895] sd 2:0:0:0: [sda] Assuming drive cache: write through
[    4.831267] sd 2:0:1:0: [sdb] Write Protect is off
[    4.838034] sd 2:0:1:0: [sdb] Incomplete mode parameter data
[    4.844888] sd 2:0:1:0: [sdb] Assuming drive cache: write through
[    4.860486]  sda: sda1
[    4.866884] sd 2:0:0:0: [sda] Attached SCSI disk
[    4.877867] sd 2:0:1:0: [sdb] Attached SCSI disk
[    5.458133] e1000 0000:00:08.0 eth1: (PCI:33MHz:32-bit) 08:00:27:71:dc:ff
[    5.465522] e1000 0000:00:08.0 eth1: Intel(R) PRO/1000 Network Connection
[    5.477128] e1000 0000:00:08.0 enp0s8: renamed from eth1
[    5.496734] e1000 0000:00:03.0 enp0s3: renamed from eth0
Begin: Loading essential drivers ... [    7.197081] md: linear personality registered for level -1
[    7.211154] md: multipath personality registered for level -4
[    7.225674] md: raid0 personality registered for level 0
[    7.253400] md: raid1 personality registered for level 1
