[    0.000000] Linux version 4.15.0-117-generic (buildd@lcy01-amd64-008) (gcc version 7.5.0 (Ubuntu 7.5.0-3ubuntu1~18.04)) #118-Ubuntu SMP Fri Sep 4 20:02:41 UTC 2020 (Ubuntu 4.15.0-117.118-generic 4.15.18)
[    0.000000] Command line: BOOT_IMAGE=/boot/vmlinuz-4.15.0-117-generic root=LABEL=cloudimg-rootfs ro console=tty1 console=ttyS0
[    0.000000] KERNEL supported cpus:
[    0.000000]   Intel GenuineIntel
[    0.000000]   AMD AuthenticAMD
[    0.000000]   Centaur CentaurHauls
[    0.000000] x86/fpu: Supporting XSAVE feature 0x001: 'x87 floating point registers'
[    0.000000] x86/fpu: Supporting XSAVE feature 0x002: 'SSE registers'
[    0.000000] x86/fpu: Supporting XSAVE feature 0x004: 'AVX registers'
[    0.000000] x86/fpu: xstate_offset[2]:  576, xstate_sizes[2]:  256
[    0.000000] x86/fpu: Enabled xstate features 0x7, context size is 832 bytes, using 'standard' format.
[    0.000000] e820: BIOS-provided physical RAM map:
[    0.000000] BIOS-e820: [mem 0x0000000000000000-0x000000000009fbff] usable
[    0.000000] BIOS-e820: [mem 0x000000000009fc00-0x000000000009ffff] reserved
[    0.000000] BIOS-e820: [mem 0x00000000000f0000-0x00000000000fffff] reserved
[    0.000000] BIOS-e820: [mem 0x0000000000100000-0x00000000403effff] usable
[    0.000000] BIOS-e820: [mem 0x00000000403f0000-0x00000000403fffff] ACPI data
[    0.000000] BIOS-e820: [mem 0x00000000fec00000-0x00000000fec00fff] reserved
[    0.000000] BIOS-e820: [mem 0x00000000fee00000-0x00000000fee00fff] reserved
[    0.000000] BIOS-e820: [mem 0x00000000fffc0000-0x00000000ffffffff] reserved
[    0.000000] NX (Execute Disable) protection: active
[    0.000000] SMBIOS 2.5 present.
[    0.000000] DMI: innotek GmbH VirtualBox/VirtualBox, BIOS VirtualBox 12/01/2006
[    0.000000] Hypervisor detected: KVM
[    0.000000] e820: last_pfn = 0x403f0 max_arch_pfn = 0x400000000
[    0.000000] MTRR: Disabled
[    0.000000] x86/PAT: MTRRs disabled, skipping PAT initialization too.
[    0.000000] CPU MTRRs all blank - virtualized system.
[    0.000000] x86/PAT: Configuration [0-7]: WB  WT  UC- UC  WB  WT  UC- UC  
[    0.000000] found SMP MP-table at [mem 0x0009fff0-0x0009ffff]
[    0.000000] Scanning 1 areas for low memory corruption
[    0.000000] RAMDISK: [mem 0x35a65000-0x36d29fff]
[    0.000000] ACPI: Early table checksum verification disabled
[    0.000000] ACPI: RSDP 0x00000000000E0000 000024 (v02 VBOX  )
[    0.000000] ACPI: XSDT 0x00000000403F0030 00003C (v01 VBOX   VBOXXSDT 00000001 ASL  00000061)
[    0.000000] ACPI: FACP 0x00000000403F00F0 0000F4 (v04 VBOX   VBOXFACP 00000001 ASL  00000061)
[    0.000000] ACPI: DSDT 0x00000000403F0470 002325 (v02 VBOX   VBOXBIOS 00000002 INTL 20100528)
[    0.000000] ACPI: FACS 0x00000000403F0200 000040
[    0.000000] ACPI: FACS 0x00000000403F0200 000040
[    0.000000] ACPI: APIC 0x00000000403F0240 00005C (v02 VBOX   VBOXAPIC 00000001 ASL  00000061)
[    0.000000] ACPI: SSDT 0x00000000403F02A0 0001CC (v01 VBOX   VBOXCPUT 00000002 INTL 20100528)
[    0.000000] No NUMA configuration found
[    0.000000] Faking a node at [mem 0x0000000000000000-0x00000000403effff]
[    0.000000] NODE_DATA(0) allocated [mem 0x403c5000-0x403effff]
[    0.000000] kvm-clock: cpu 0, msr 0:40344001, primary cpu clock
[    0.000000] kvm-clock: Using msrs 4b564d01 and 4b564d00
[    0.000000] kvm-clock: using sched offset of 3681625751 cycles
[    0.000000] clocksource: kvm-clock: mask: 0xffffffffffffffff max_cycles: 0x1cd42e4dffb, max_idle_ns: 881590591483 ns
[    0.000000] Section 7 and 8 (node 0) have a circular dependency on usemap and pgdat allocations
[    0.000000] Zone ranges:
[    0.000000]   DMA      [mem 0x0000000000001000-0x0000000000ffffff]
[    0.000000]   DMA32    [mem 0x0000000001000000-0x00000000403effff]
[    0.000000]   Normal   empty
[    0.000000]   Device   empty
[    0.000000] Movable zone start for each node
[    0.000000] Early memory node ranges
[    0.000000]   node   0: [mem 0x0000000000001000-0x000000000009efff]
[    0.000000]   node   0: [mem 0x0000000000100000-0x00000000403effff]
[    0.000000] Reserved but unavailable: 98 pages
[    0.000000] Initmem setup node 0 [mem 0x0000000000001000-0x00000000403effff]
[    0.000000] ACPI: PM-Timer IO Port: 0x4008
[    0.000000] IOAPIC[0]: apic_id 2, version 32, address 0xfec00000, GSI 0-23
[    0.000000] ACPI: INT_SRC_OVR (bus 0 bus_irq 0 global_irq 2 dfl dfl)
[    0.000000] ACPI: INT_SRC_OVR (bus 0 bus_irq 9 global_irq 9 low level)
[    0.000000] Using ACPI (MADT) for SMP configuration information
[    0.000000] smpboot: Allowing 2 CPUs, 0 hotplug CPUs
[    0.000000] PM: Registered nosave memory: [mem 0x00000000-0x00000fff]
[    0.000000] PM: Registered nosave memory: [mem 0x0009f000-0x0009ffff]
[    0.000000] PM: Registered nosave memory: [mem 0x000a0000-0x000effff]
[    0.000000] PM: Registered nosave memory: [mem 0x000f0000-0x000fffff]
[    0.000000] e820: [mem 0x40400000-0xfebfffff] available for PCI devices
[    0.000000] Booting paravirtualized kernel on KVM
[    0.000000] clocksource: refined-jiffies: mask: 0xffffffff max_cycles: 0xffffffff, max_idle_ns: 7645519600211568 ns
[    0.000000] random: get_random_bytes called from start_kernel+0x99/0x500 with crng_init=0
[    0.000000] setup_percpu: NR_CPUS:8192 nr_cpumask_bits:2 nr_cpu_ids:2 nr_node_ids:1
[    0.000000] percpu: Embedded 45 pages/cpu s147456 r8192 d28672 u1048576
[    0.000000] PV qspinlock hash table entries: 256 (order: 0, 4096 bytes)
[    0.000000] Built 1 zonelists, mobility grouping on.  Total pages: 258921
[    0.000000] Policy zone: DMA32
[    0.000000] Kernel command line: BOOT_IMAGE=/boot/vmlinuz-4.15.0-117-generic root=LABEL=cloudimg-rootfs ro console=tty1 console=ttyS0
[    0.000000] Memory: 985076K/1052216K available (12300K kernel code, 2481K rwdata, 4272K rodata, 2436K init, 2724K bss, 67140K reserved, 0K cma-reserved)
[    0.000000] SLUB: HWalign=64, Order=0-3, MinObjects=0, CPUs=2, Nodes=1
[    0.000000] ftrace: allocating 39392 entries in 154 pages
[    0.004000] Hierarchical RCU implementation.
[    0.004000] 	RCU restricting CPUs from NR_CPUS=8192 to nr_cpu_ids=2.
[    0.004000] 	Tasks RCU enabled.
[    0.004000] RCU: Adjusting geometry for rcu_fanout_leaf=16, nr_cpu_ids=2
[    0.004000] NR_IRQS: 524544, nr_irqs: 440, preallocated irqs: 16
[    0.004000] Console: colour VGA+ 80x25
[    0.004000] console [tty1] enabled
[    0.004000] console [ttyS0] enabled
[    0.004000] ACPI: Core revision 20170831
[    0.004000] ACPI: 2 ACPI AML tables successfully acquired and loaded
[    0.004000] APIC: Switch to symmetric I/O mode setup
[    0.004000] x2apic enabled
[    0.004000] Switched APIC routing to physical x2apic.
[    0.004000] ..TIMER: vector=0x30 apic1=0 pin1=2 apic2=-1 pin2=-1
[    0.004005] tsc: Detected 2592.002 MHz processor
[    0.005557] Calibrating delay loop (skipped) preset value.. 5184.00 BogoMIPS (lpj=10368008)
[    0.008004] pid_max: default: 32768 minimum: 301
[    0.008966] Security Framework initialized
[    0.009742] Yama: becoming mindful.
[    0.010490] AppArmor: AppArmor initialized
[    0.015439] Dentry cache hash table entries: 131072 (order: 8, 1048576 bytes)
[    0.016056] Inode-cache hash table entries: 65536 (order: 7, 524288 bytes)
[    0.017333] Mount-cache hash table entries: 2048 (order: 2, 16384 bytes)
[    0.018717] Mountpoint-cache hash table entries: 2048 (order: 2, 16384 bytes)
[    0.020375] Last level iTLB entries: 4KB 64, 2MB 8, 4MB 8
[    0.021479] Last level dTLB entries: 4KB 64, 2MB 0, 4MB 0, 1GB 4
[    0.022676] Spectre V1 : Mitigation: usercopy/swapgs barriers and __user pointer sanitization
[    0.024003] Spectre V2 : Mitigation: Full generic retpoline
[    0.025127] Spectre V2 : Spectre v2 / SpectreRSB mitigation: Filling RSB on context switch
[    0.026593] Speculative Store Bypass: Vulnerable
[    0.028251] Freeing SMP alternatives memory: 36K
[    0.140060] smpboot: CPU0: Intel(R) Core(TM) i7-10750H CPU @ 2.60GHz (family: 0x6, model: 0xa5, stepping: 0x2)
[    0.142807] Performance Events: unsupported p6 CPU model 165 no PMU driver, software events only.
[    0.144036] Hierarchical SRCU implementation.
[    0.145584] NMI watchdog: Perf event create on CPU 0 failed with -2
[    0.146741] NMI watchdog: Perf NMI watchdog permanently disabled
[    0.148043] smp: Bringing up secondary CPUs ...
[    0.148927] x86: Booting SMP configuration:
[    0.149831] .... node  #0, CPUs:      #1
[    0.004000] kvm-clock: cpu 1, msr 0:40344041, secondary cpu clock
[    0.155120] smp: Brought up 1 node, 2 CPUs
[    0.156006] smpboot: Max logical packages: 1
[    0.157047] smpboot: Total of 2 processors activated (10368.00 BogoMIPS)
[    0.158546] devtmpfs: initialized
[    0.158546] x86/mm: Memory block size: 128MB
[    0.160162] evm: security.selinux
[    0.161039] evm: security.SMACK64
[    0.161734] evm: security.SMACK64EXEC
[    0.162460] evm: security.SMACK64TRANSMUTE
[    0.163272] evm: security.SMACK64MMAP
[    0.164003] evm: security.apparmor
[    0.164797] evm: security.ima
[    0.165466] evm: security.capability
[    0.166246] clocksource: jiffies: mask: 0xffffffff max_cycles: 0xffffffff, max_idle_ns: 7645041785100000 ns
[    0.168016] futex hash table entries: 512 (order: 3, 32768 bytes)
[    0.172000] pinctrl core: initialized pinctrl subsystem
[    0.172212] RTC time: 21:05:26, date: 10/10/20
[    0.176244] NET: Registered protocol family 16
[    0.177406] audit: initializing netlink subsys (disabled)
[    0.178695] audit: type=2000 audit(1602363931.063:1): state=initialized audit_enabled=0 res=1
[    0.180017] cpuidle: using governor ladder
[    0.180972] cpuidle: using governor menu
[    0.181968] ACPI: bus type PCI registered
[    0.184006] acpiphp: ACPI Hot Plug PCI Controller Driver version: 0.5
[    0.185452] PCI: Using configuration type 1 for base access
[    0.188456] HugeTLB registered 2.00 MiB page size, pre-allocated 0 pages
[    0.189470] ACPI: Added _OSI(Module Device)
[    0.192005] ACPI: Added _OSI(Processor Device)
[    0.193032] ACPI: Added _OSI(3.0 _SCP Extensions)
[    0.194056] ACPI: Added _OSI(Processor Aggregator Device)
[    0.195280] ACPI: Added _OSI(Linux-Dell-Video)
[    0.196037] ACPI: Added _OSI(Linux-Lenovo-NV-HDMI-Audio)
[    0.197185] ACPI: Added _OSI(Linux-HPI-Hybrid-Graphics)
[    0.198702] ACPI: Executed 1 blocks of module-level executable AML code
[    0.204534] ACPI: Interpreter enabled
[    0.205383] ACPI: (supports S0 S5)
[    0.206144] ACPI: Using IOAPIC for interrupt routing
[    0.207449] PCI: Using host bridge windows from ACPI; if necessary, use "pci=nocrs" and report a bug
[    0.208214] ACPI: Enabled 2 GPEs in block 00 to 07
[    0.217798] ACPI: PCI Root Bridge [PCI0] (domain 0000 [bus 00-ff])
[    0.218927] acpi PNP0A03:00: _OSC: OS supports [ASPM ClockPM Segments MSI]
[    0.220525] acpi PNP0A03:00: _OSC: not requesting OS control; OS requires [ExtendedConfig ASPM ClockPM MSI]
[    0.222481] acpi PNP0A03:00: fail to add MMCONFIG information, can't access extended PCI configuration space under this bridge.
[    0.224462] PCI host bridge to bus 0000:00
[    0.225340] pci_bus 0000:00: root bus resource [io  0x0000-0x0cf7 window]
[    0.226617] pci_bus 0000:00: root bus resource [io  0x0d00-0xffff window]
[    0.228005] pci_bus 0000:00: root bus resource [mem 0x000a0000-0x000bffff window]
[    0.229583] pci_bus 0000:00: root bus resource [mem 0x40400000-0xfdffffff window]
[    0.231139] pci_bus 0000:00: root bus resource [bus 00-ff]
[    0.234376] pci 0000:00:01.1: legacy IDE quirk: reg 0x10: [io  0x01f0-0x01f7]
[    0.236004] pci 0000:00:01.1: legacy IDE quirk: reg 0x14: [io  0x03f6]
[    0.237178] pci 0000:00:01.1: legacy IDE quirk: reg 0x18: [io  0x0170-0x0177]
[    0.238547] pci 0000:00:01.1: legacy IDE quirk: reg 0x1c: [io  0x0376]
[    0.255301] pci 0000:00:07.0: quirk: [io  0x4000-0x403f] claimed by PIIX4 ACPI
[    0.256021] pci 0000:00:07.0: quirk: [io  0x4100-0x410f] claimed by PIIX4 SMB
[    0.267025] ACPI: PCI Interrupt Link [LNKA] (IRQs 5 9 10 *11)
[    0.268390] ACPI: PCI Interrupt Link [LNKB] (IRQs 5 9 *10 11)
[    0.269660] ACPI: PCI Interrupt Link [LNKC] (IRQs 5 *9 10 11)
[    0.270907] ACPI: PCI Interrupt Link [LNKD] (IRQs 5 9 10 *11)
[    0.272463] SCSI subsystem initialized
[    0.273293] pci 0000:00:02.0: vgaarb: setting as boot VGA device
[    0.273973] pci 0000:00:02.0: vgaarb: VGA device added: decodes=io+mem,owns=io+mem,locks=none
[    0.276011] pci 0000:00:02.0: vgaarb: bridge control possible
[    0.277136] vgaarb: loaded
[    0.277768] ACPI: bus type USB registered
[    0.280027] usbcore: registered new interface driver usbfs
[    0.281171] usbcore: registered new interface driver hub
[    0.282247] usbcore: registered new device driver usb
[    0.284038] EDAC MC: Ver: 3.0.0
[    0.285034] PCI: Using ACPI for IRQ routing
[    0.285255] NetLabel: Initializing
[    0.285953] NetLabel:  domain hash size = 128
[    0.285953] NetLabel:  protocols = UNLABELED CIPSOv4 CALIPSO
[    0.285953] NetLabel:  unlabeled traffic allowed by default
[    0.288101] clocksource: Switched to clocksource kvm-clock
[    0.309417] VFS: Disk quotas dquot_6.6.0
[    0.310166] VFS: Dquot-cache hash table entries: 512 (order 0, 4096 bytes)
[    0.311543] AppArmor: AppArmor Filesystem Enabled
[    0.312465] pnp: PnP ACPI init
[    0.314122] pnp: PnP ACPI: found 3 devices
[    0.320458] clocksource: acpi_pm: mask: 0xffffff max_cycles: 0xffffff, max_idle_ns: 2085701024 ns
[    0.322105] NET: Registered protocol family 2
[    0.323048] TCP established hash table entries: 8192 (order: 4, 65536 bytes)
[    0.324555] TCP bind hash table entries: 8192 (order: 5, 131072 bytes)
[    0.330076] TCP: Hash tables configured (established 8192 bind 8192)
[    0.331258] UDP hash table entries: 512 (order: 2, 16384 bytes)
[    0.332442] UDP-Lite hash table entries: 512 (order: 2, 16384 bytes)
[    0.333893] NET: Registered protocol family 1
[    0.334743] pci 0000:00:00.0: Limiting direct PCI/PCI transfers
[    0.335884] pci 0000:00:01.0: Activating ISA DMA hang workarounds
[    0.337154] pci 0000:00:02.0: Video device with shadowed ROM at [mem 0x000c0000-0x000dffff]
[    0.338978] Unpacking initramfs...
[    0.725761] Freeing initrd memory: 19220K
[    0.726989] clocksource: tsc: mask: 0xffffffffffffffff max_cycles: 0x255cb8d7d74, max_idle_ns: 440795265546 ns
[    0.728920] platform rtc_cmos: registered platform RTC device (no PNP device found)
[    0.730471] Scanning for low memory corruption every 60 seconds
[    0.732023] Initialise system trusted keyrings
[    0.732901] Key type blacklist registered
[    0.734034] workingset: timestamp_bits=36 max_order=18 bucket_order=0
[    0.736145] zbud: loaded
[    0.737259] squashfs: version 4.0 (2009/01/31) Phillip Lougher
[    0.738392] fuse init (API version 7.26)
[    0.742041] Key type asymmetric registered
[    0.743502] Asymmetric key parser 'x509' registered
[    0.744611] Block layer SCSI generic (bsg) driver version 0.4 loaded (major 246)
[    0.746168] io scheduler noop registered
[    0.747022] io scheduler deadline registered
[    0.748006] io scheduler cfq registered (default)
[    0.749367] ACPI: AC Adapter [AC] (on-line)
[    0.750314] input: Power Button as /devices/LNXSYSTM:00/LNXPWRBN:00/input/input0
[    0.751955] ACPI: Power Button [PWRF]
[    0.752898] input: Sleep Button as /devices/LNXSYSTM:00/LNXSLPBN:00/input/input1
[    0.754468] ACPI: Sleep Button [SLPF]
[    0.755684] Serial: 8250/16550 driver, 32 ports, IRQ sharing enabled
[    0.756620] ACPI: Battery Slot [BAT0] (battery present)
[    0.778801] 00:02: ttyS0 at I/O 0x3f8 (irq = 4, base_baud = 115200) is a 16550A
[    0.782066] Linux agpgart interface v0.103
[    0.784247] loop: module loaded
[    0.785572] scsi host0: ata_piix
[    0.786788] scsi host1: ata_piix
[    0.787609] ata1: PATA max UDMA/33 cmd 0x1f0 ctl 0x3f6 bmdma 0xd000 irq 14
[    0.789182] ata2: PATA max UDMA/33 cmd 0x170 ctl 0x376 bmdma 0xd008 irq 15
[    0.791025] libphy: Fixed MDIO Bus: probed
[    0.791947] tun: Universal TUN/TAP device driver, 1.6
[    0.793147] PPP generic driver version 2.4.2
[    0.794088] ehci_hcd: USB 2.0 'Enhanced' Host Controller (EHCI) Driver
[    0.795381] ehci-pci: EHCI PCI platform driver
[    0.796310] ehci-platform: EHCI generic platform driver
[    0.797366] ohci_hcd: USB 1.1 'Open' Host Controller (OHCI) Driver
[    0.798665] ohci-pci: OHCI PCI platform driver
[    0.799554] ohci-platform: OHCI generic platform driver
[    0.800667] uhci_hcd: USB Universal Host Controller Interface driver
[    0.801947] i8042: PNP: PS/2 Controller [PNP0303:PS2K,PNP0f03:PS2M] at 0x60,0x64 irq 1,12
[    0.804422] serio: i8042 KBD port at 0x60,0x64 irq 1
[    0.805525] serio: i8042 AUX port at 0x60,0x64 irq 12
[    0.806762] mousedev: PS/2 mouse device common for all mice
[    0.808367] input: AT Translated Set 2 keyboard as /devices/platform/i8042/serio0/input/input2
[    0.810605] rtc_cmos rtc_cmos: rtc core: registered rtc_cmos as rtc0
[    0.812222] rtc_cmos rtc_cmos: alarms up to one day, 114 bytes nvram
[    0.813532] i2c /dev entries driver
[    0.814365] device-mapper: uevent: version 1.0.3
[    0.815450] device-mapper: ioctl: 4.37.0-ioctl (2017-09-20) initialised: dm-devel@redhat.com
[    0.817384] ledtrig-cpu: registered to indicate activity on CPUs
[    0.819171] NET: Registered protocol family 10
[    0.824591] Segment Routing with IPv6
[    0.825485] NET: Registered protocol family 17
[    0.826566] Key type dns_resolver registered
[    0.827718] mce: Using 0 MCE banks
[    0.828512] RAS: Correctable Errors collector initialized.
[    0.829713] sched_clock: Marking stable (828488031, 0)->(991239144, -162751113)
[    0.831724] registered taskstats version 1
[    0.832738] Loading compiled-in X.509 certificates
[    0.836277] Loaded X.509 cert 'Build time autogenerated kernel key: 993aedfcb7091aab7364eeb95e85a8dab512d887'
[    0.838532] zswap: loaded using pool lzo/zbud
[    0.843776] Key type big_key registered
[    0.844684] Key type trusted registered
[    0.847575] Key type encrypted registered
[    0.848528] AppArmor: AppArmor sha1 policy hashing enabled
[    0.849679] ima: No TPM chip found, activating TPM-bypass! (rc=-19)
[    0.850952] ima: Allocated hash algorithm: sha1
[    0.851961] evm: HMAC attrs: 0x1
[    0.853154]   Magic number: 8:517:95
[    0.854062] rtc_cmos rtc_cmos: setting system clock to 2020-10-10 21:05:26 UTC (1602363926)
[    0.855868] BIOS EDD facility v0.16 2004-Jun-25, 0 devices found
[    0.857247] EDD information not available.
[    0.976463] Freeing unused kernel image memory: 2436K
[    0.988791] Write protecting the kernel read-only data: 20480k
[    0.991019] Freeing unused kernel image memory: 2008K
[    0.992365] Freeing unused kernel image memory: 1872K
[    1.002247] x86/mm: Checked W+X mappings: passed, no W+X pages found.
Loading, please wait...
starting version 237
[    1.069846] Fusion MPT base driver 3.04.20
[    1.070833] Copyright (c) 1999-2008 LSI Corporation
[    1.073640] e1000: Intel(R) PRO/1000 Network Driver - version 7.3.21-k8-NAPI
[    1.075698] e1000: Copyright (c) 1999-2006 Intel Corporation.
[    1.084947] Fusion MPT SPI Host driver 3.04.20
[    1.090790] AVX2 version of gcm_enc/dec engaged.
[    1.091991] AES CTR mode by8 optimization enabled
[    1.286066] input: ImExPS/2 Generic Explorer Mouse as /devices/platform/i8042/serio1/input/input4
[    1.769213] e1000 0000:00:03.0 eth0: (PCI:33MHz:32-bit) 02:aa:c1:7f:62:79
[    1.770734] e1000 0000:00:03.0 eth0: Intel(R) PRO/1000 Network Connection
[    1.773230] mptbase: ioc0: Initiating bringup
[    2.159201] ioc0: LSI53C1030 A0: Capabilities={Initiator}
[    4.180788] scsi host2: ioc0: LSI53C1030 A0, FwRev=00000000h, Ports=1, MaxQ=256, IRQ=20
[    6.748452] scsi 2:0:0:0: Direct-Access     VBOX     HARDDISK         1.0  PQ: 0 ANSI: 5
[    7.164217] scsi target2:0:0: Beginning Domain Validation
[    7.184512] scsi target2:0:0: Domain Validation skipping write tests
[    7.185849] scsi target2:0:0: Ending Domain Validation
[    7.187294] scsi target2:0:0: asynchronous
[    7.189351] scsi 2:0:1:0: Direct-Access     VBOX     HARDDISK         1.0  PQ: 0 ANSI: 5
[    7.456453] scsi target2:0:1: Beginning Domain Validation
[    7.460944] random: fast init done
[    7.462299] scsi target2:0:1: Domain Validation skipping write tests
[    7.463590] scsi target2:0:1: Ending Domain Validation
[    7.464671] scsi target2:0:1: asynchronous
[    7.470878] random: systemd-udevd: uninitialized urandom read (16 bytes read)
[    7.470950] sd 2:0:0:0: Attached scsi generic sg0 type 0
[    7.472667] random: systemd-udevd: uninitialized urandom read (16 bytes read)
[    7.473894] sd 2:0:1:0: Attached scsi generic sg1 type 0
[    7.475316] random: systemd-udevd: uninitialized urandom read (16 bytes read)
[    7.478170] sd 2:0:0:0: [sda] 20971520 512-byte logical blocks: (10.7 GB/10.0 GiB)
[    7.479806] sd 2:0:1:0: [sdb] 20480 512-byte logical blocks: (10.5 MB/10.0 MiB)
[    7.481699] sd 2:0:0:0: [sda] Write Protect is off
[    7.482878] sd 2:0:1:0: [sdb] Write Protect is off
[    7.483943] sd 2:0:0:0: [sda] Incomplete mode parameter data
[    7.485253] sd 2:0:0:0: [sda] Assuming drive cache: write through
[    7.485284] sd 2:0:1:0: [sdb] Incomplete mode parameter data
[    7.487824] sd 2:0:1:0: [sdb] Assuming drive cache: write through
[    7.499922]  sda: sda1
[    7.501911] sd 2:0:0:0: [sda] Attached SCSI disk
[    7.503883] sd 2:0:1:0: [sdb] Attached SCSI disk
[    7.505773] e1000 0000:00:08.0 eth1: (PCI:33MHz:32-bit) 08:00:27:0e:e9:35
[    7.508217] e1000 0000:00:08.0 eth1: Intel(R) PRO/1000 Network Connection
[    7.511768] e1000 0000:00:08.0 enp0s8: renamed from eth1
[    7.528806] e1000 0000:00:03.0 enp0s3: renamed from eth0
Begin: Loading essential drivers ... [    9.000526] raid6: sse2x1   gen() 10992 MB/s
[    9.048341] raid6: sse2x1   xor()  6480 MB/s
[    9.096177] raid6: sse2x2   gen() 11660 MB/s
[    9.144055] raid6: sse2x2   xor()  7310 MB/s
[    9.192769] raid6: sse2x4   gen()  9290 MB/s
[    9.240584] raid6: sse2x4   xor()  6474 MB/s
[    9.288443] raid6: avx2x1   gen() 20253 MB/s
[    9.337220] raid6: avx2x1   xor() 10481 MB/s
[    9.384060] raid6: avx2x2   gen() 22076 MB/s
[    9.432014] raid6: avx2x2   xor() 16602 MB/s
[    9.480777] raid6: avx2x4   gen() 26894 MB/s
[    9.528567] raid6: avx2x4   xor() 16521 MB/s
[    9.529939] raid6: using algorithm avx2x4 gen() 26894 MB/s
[    9.531335] raid6: .... xor() 16521 MB/s, rmw enabled
[    9.532595] raid6: using avx2x2 recovery algorithm
[    9.534979] xor: automatically using best checksumming function   avx       
[    9.538590] async_tx: api initialized (async)
done.
Begin: Running /scripts/init-premount ... done.
Begin: Mounting root file system ... Begin: Running /scripts/local-top ... done.
Begin: Running /scripts/local-premount ... [    9.592486] Btrfs loaded, crc32c=crc32c-intel
Scanning for Btrfs filesystems
done.
Warning: fsck not present, so skipping root file system
[    9.635291] EXT4-fs (sda1): mounted filesystem with ordered data mode. Opts: (null)
done.
Begin: Running /scripts/local-bottom ... done.
Begin: Running /scripts/init-bottom ... done.
[    9.792504] ip_tables: (C) 2000-2006 Netfilter Core Team
[    9.801272] systemd[1]: systemd 237 running in system mode. (+PAM +AUDIT +SELINUX +IMA +APPARMOR +SMACK +SYSVINIT +UTMP +LIBCRYPTSETUP +GCRYPT +GNUTLS +ACL +XZ +LZ4 +SECCOMP +BLKID +ELFUTILS +KMOD -IDN2 +IDN -PCRE2 default-hierarchy=hybrid)
[    9.805607] systemd[1]: Detected virtualization oracle.
[    9.806702] systemd[1]: Detected architecture x86-64.

Welcome to [1mUbuntu 18.04.5 LTS[0m!

[    9.813300] systemd[1]: Set hostname to <kubenode2>.
[   10.047906] systemd[1]: Configuration file /lib/systemd/system/kubelet.service is marked world-inaccessible. This has no effect as configuration data is accessible via APIs without restrictions. Proceeding anyway.
[   10.052417] systemd[1]: Configuration file /etc/systemd/system/kubelet.service.d/10-kubeadm.conf is marked world-inaccessible. This has no effect as configuration data is accessible via APIs without restrictions. Proceeding anyway.
[   10.093672] systemd[1]: Started Forward Password Requests to Wall Directory Watch.
[[0;32m  OK  [0m] Started Forward Password Requests to Wall Directory Watch.
[   10.096577] systemd[1]: Set up automount Arbitrary Executable File Formats File System Automount Point.
[[0;32m  OK  [0m] Set up automount Arbitrary Executab…rmats File System Automount Point.
[   10.099680] systemd[1]: Reached target Swap.
[[0;32m  OK  [0m] Reached target Swap.
[   10.102969] systemd[1]: Created slice User and Session Slice.
[[0;32m  OK  [0m] Created slice User and Session Slice.
[[0;32m  OK  [0m] Reached target System Time Synchronized.
[[0;32m  OK  [0m] Created slice System Slice.
[[0;32m  OK  [0m] Listening on Journal Audit Socket.
[[0;32m  OK  [0m] Listening on udev Kernel Socket.
[[0;32m  OK  [0m] Listening on Network Service Netlink Socket.
[[0;32m  OK  [0m] Listening on LVM2 metadata daemon socket.
[[0;32m  OK  [0m] Listening on Device-mapper event daemon FIFOs.
[[0;32m  OK  [0m] Listening on udev Control Socket.
[[0;32m  OK  [0m] Created slice system-serial\x2dgetty.slice.
[[0;32m  OK  [0m] Listening on Journal Socket (/dev/log).
[[0;32m  OK  [0m] Listening on /dev/initctl Compatibility Named Pipe.
[[0;32m  OK  [0m] Reached target User and Group Name Lookups.
[[0;32m  OK  [0m] Listening on Journal Socket.
         Mounting POSIX Message Queue File System...
         Mounting Huge Pages File System...
         Starting udev Coldplug all Devices...
         Starting Create list of required st…ce nodes for the current kernel...
         Starting Set the console keyboard layout...
         Starting Load Kernel Modules...
         Mounting Kernel Debug File System...
[[0;32m  OK  [0m] Listening on Syslog Socket.
         Starting Journal Service...
         Starting Monitoring of LVM2 mirrors…ng dmeventd or progress polling...
[[0;32m  OK  [0m] Reached target Slices.
[[0;32m  OK  [0m] Listening on LVM2 poll daemon socket.
         Starting Uncomplicated firewall...
         Starting Remount Root and Kernel File Systems...
[[0;32m  OK  [0m] Mounted POSIX Message Queue File System.
[[0;32m  OK  [0m] Mounted Huge Pages File System.
[[0;32m  OK  [0m] Started Create list of required sta…vice nodes for the current kernel.
[[0;32m  OK  [0m] Mounted Kernel Debug File System.
         Starting Create Static Device Nodes in /dev...
[   11.212308] Loading iSCSI transport class v2.0-870.
[   11.222574] iscsi: registered transport (tcp)
[[0;32m  OK  [0m] Started udev Coldplug all Devices.
[[0;32m  OK  [0m] Started Journal Service.
[[0;32m  OK  [0m] Started LVM2 metadata daemon.
[[0;32m  OK  [0m] Started Uncomplicated firewall.
[[0;32m  OK  [0m] Started Create Static Device Nodes in /dev.
[   11.331957] iscsi: registered transport (iser)
[[0;32m  OK  [0m] Started Load Kernel Modules.
         Mounting Kernel Configuration File System...
         Mounting FUSE Control File System...
         Starting Apply Kernel Variables...
[[0;32m  OK  [0m] Mounted Kernel Configuration File System.
[[0;32m  OK  [0m] Mounted FUSE Control File System.
[   11.347365] EXT4-fs (sda1): re-mounted. Opts: (null)
[[0;32m  OK  [0m] Started Remount Root and Kernel File Systems.
         Starting udev Kernel Device Manager...
         Starting Load/Save Random Seed...
         Starting Flush Journal to Persistent Storage...
[[0;32m  OK  [0m] Started Monitoring of LVM2 mirrors,…sing dmeventd or progress polling.
[[0;32m  OK  [0m] Started Apply Kernel Variables.
[[0;32m  OK  [0m] Started udev Kernel Device Manager.
[[0;32m  OK  [0m] Started Load/Save Random Seed.
[[0;32m  OK  [0m] Started Set the console keyboard layout.
[[0;32m  OK  [0m] Started Dispatch Password Requests to Console Directory Watch.
[[0;32m  OK  [0m] Reached target Local Encrypted Volumes.
[[0;32m  OK  [0m] Reached target Local File Systems (Pre).
[[0;32m  OK  [0m] Reached target Local File Systems.
         Starting Set console font and keymap...
         Starting ebtables ruleset management...
         Starting AppArmor initialization...
         Starting Tell Plymouth To Write Out Runtime Data...
[[0;32m  OK  [0m] Started Set console font and keymap.
[[0;32m  OK  [0m] Started Tell Plymouth To Write Out Runtime Data.
[[0;32m  OK  [0m] Started Flush Journal to Persistent Storage.
         Starting Create Volatile Files and Directories...
[[0;32m  OK  [0m] Started Create Volatile Files and Directories.
         Starting Update UTMP about System Boot/Shutdown...
[[0;32m  OK  [0m] Started Update UTMP about System Boot/Shutdown.
[[0;32m  OK  [0m] Started ebtables ruleset management.
[[0;32m  OK  [0m] Found device /dev/ttyS0.
[[0;32m  OK  [0m] Started AppArmor initialization.
         Starting Initial cloud-init job (pre-networking)...
         Starting Load AppArmor profiles managed internally by snapd...
[[0;32m  OK  [0m] Listening on Load/Save RF Kill Switch Status /dev/rfkill Watch.
[[0;32m  OK  [0m] Started Load AppArmor profiles managed internally by snapd.
[   12.986280] cloud-init[547]: Cloud-init v. 20.2-45-g5f7825e2-0ubuntu1~18.04.1 running 'init-local' at Sat, 10 Oct 2020 21:05:38 +0000. Up 12.79 seconds.
[[0;32m  OK  [0m] Started Initial cloud-init job (pre-networking).
[[0;32m  OK  [0m] Reached target Network (Pre).
         Starting Network Service...
[[0;32m  OK  [0m] Started Network Service.
         Starting Wait for Network to be Configured...
         Starting Network Name Resolution...
[[0;32m  OK  [0m] Started Network Name Resolution.
[[0;32m  OK  [0m] Reached target Host and Network Name Lookups.
[[0;32m  OK  [0m] Reached target Network.
[[0;32m  OK  [0m] Started Wait for Network to be Configured.
         Starting Initial cloud-init job (metadata service crawler)...
[   15.678594] cloud-init[669]: Cloud-init v. 20.2-45-g5f7825e2-0ubuntu1~18.04.1 running 'init' at Sat, 10 Oct 2020 21:05:41 +0000. Up 15.53 seconds.
[   15.680959] cloud-init[669]: ci-info: ++++++++++++++++++++++++++++++++++++++Net device info+++++++++++++++++++++++++++++++++++++++
[   15.682747] cloud-init[669]: ci-info: +--------+------+-----------------------------+---------------+--------+-------------------+
[   15.684507] cloud-init[669]: ci-info: | Device |  Up  |           Address           |      Mask     | Scope  |     Hw-Address    |
[   15.686201] cloud-init[669]: ci-info: +--------+------+-----------------------------+---------------+--------+-------------------+
[   15.688016] cloud-init[669]: ci-info: | enp0s3 | True |          10.0.2.15          | 255.255.255.0 | global | 02:aa:c1:7f:62:79 |
[   15.689818] cloud-init[669]: ci-info: | enp0s3 | True |  fe80::aa:c1ff:fe7f:6279/64 |       .       |  link  | 02:aa:c1:7f:62:79 |
[   15.691532] cloud-init[669]: ci-info: | enp0s8 | True |         192.168.56.4        | 255.255.255.0 | global | 08:00:27:0e:e9:35 |
[   15.693264] cloud-init[669]: ci-info: | enp0s8 | True | fe80::a00:27ff:fe0e:e935/64 |       .       |  link  | 08:00:27:0e:e9:35 |
[   15.694964] cloud-init[669]: ci-info: |   lo   | True |          127.0.0.1          |   255.0.0.0   |  host  |         .         |
[   15.696685] cloud-init[669]: ci-info: |   lo   | True |           ::1/128           |       .       |  host  |         .         |
[   15.698451] cloud-init[669]: ci-info: +--------+------+-----------------------------+---------------+--------+-------------------+
[   15.700314] cloud-init[669]: ci-info: +++++++++++++++++++++++++++++Route IPv4 info+++++++++++++++++++++++++++++
[   15.701762] cloud-init[669]: ci-info: +-------+--------------+----------+-----------------+-----------+-------+
[   15.703369] cloud-init[669]: ci-info: | Route | Destination  | Gateway  |     Genmask     | Interface | Flags |
[   15.704855] cloud-init[669]: ci-info: +-------+--------------+----------+-----------------+-----------+-------+
[   15.706351] cloud-init[669]: ci-info: |   0   |   0.0.0.0    | 10.0.2.2 |     0.0.0.0     |   enp0s3  |   UG  |
[   15.707851] cloud-init[669]: ci-info: |   1   |   10.0.2.0   | 0.0.0.0  |  255.255.255.0  |   enp0s3  |   U   |
[   15.709386] cloud-init[669]: ci-info: |   2   |   10.0.2.2   | 0.0.0.0  | 255.255.255.255 |   enp0s3  |   UH  |
[   15.710839] cloud-init[669]: ci-info: |   3   | 192.168.56.0 | 0.0.0.0  |  255.255.255.0  |   enp0s8  |   U   |
[   15.712422] cloud-init[669]: ci-info: +-------+--------------+----------+-----------------+-----------+-------+
[   15.713884] cloud-init[669]: ci-info: +++++++++++++++++++Route IPv6 info+++++++++++++++++++
[   15.715196] cloud-init[669]: ci-info: +-------+-------------+---------+-----------+-------+
[   15.716474] cloud-init[669]: ci-info: | Route | Destination | Gateway | Interface | Flags |
[   15.729384] cloud-init[669]: ci-info: +-------+-------------+---------+-----------+-------+
[   15.730657] cloud-init[669]: ci-info: |   1   |  fe80::/64  |    ::   |   enp0s8  |   U   |
[   15.731857] cloud-init[669]: ci-info: |   2   |  fe80::/64  |    ::   |   enp0s3  |   U   |
[   15.733041] cloud-init[669]: ci-info: |   4   |    local    |    ::   |   enp0s3  |   U   |
[   15.734381] cloud-init[669]: ci-info: |   5   |    local    |    ::   |   enp0s8  |   U   |
[   15.735649] cloud-init[669]: ci-info: |   6   |   ff00::/8  |    ::   |   enp0s8  |   U   |
[   15.736989] cloud-init[669]: ci-info: |   7   |   ff00::/8  |    ::   |   enp0s3  |   U   |
[   15.738293] cloud-init[669]: ci-info: +-------+-------------+---------+-----------+-------+
[[0;32m  OK  [0m] Started Initial cloud-init job (metadata service crawler).
[[0;32m  OK  [0m] Reached target Cloud-config availability.
[[0;32m  OK  [0m] Reached target Network is Online.
         Starting Availability of block devices...
[[0;32m  OK  [0m] Reached target Remote File Systems (Pre).
[[0;32m  OK  [0m] Reached target Remote File Systems.
[[0;32m  OK  [0m] Reached target System Initialization.
[[0;32m  OK  [0m] Started Message of the Day.
[[0;32m  OK  [0m] Started Daily apt download activities.
[[0;32m  OK  [0m] Started Discard unused blocks once a week.
         Starting LXD - unix socket.
[[0;32m  OK  [0m] Listening on D-Bus System Message Bus Socket.
[[0;32m  OK  [0m] Listening on ACPID Listen Socket.
[[0;32m  OK  [0m] Started Daily Cleanup of Temporary Directories.
         Starting Docker Socket for the API.
[[0;32m  OK  [0m] Listening on Open-iSCSI iscsid Socket.
[[0;32m  OK  [0m] Started Daily apt upgrade and clean activities.
[[0;32m  OK  [0m] Reached target Timers.
         Starting Socket activation for snappy daemon.
[[0;32m  OK  [0m] Listening on UUID daemon activation socket.
[[0;32m  OK  [0m] Started ACPI Events Check.
[[0;32m  OK  [0m] Reached target Paths.
[[0;32m  OK  [0m] Started Availability of block devices.
[[0;32m  OK  [0m] Listening on LXD - unix socket.
[[0;32m  OK  [0m] Listening on Docker Socket for the API.
[[0;32m  OK  [0m] Listening on Socket activation for snappy daemon.
[[0;32m  OK  [0m] Reached target Sockets.
[[0;32m  OK  [0m] Reached target Basic System.
         Starting Accounts Service...
         Starting Virtualbox guest utils...
[[0;32m  OK  [0m] Started D-Bus System Message Bus.
         Starting Login Service...
         Starting LXD - container startup/shutdown...
         Starting Permit User Sessions...
[[0;32m  OK  [0m] Started FUSE filesystem for LXC.
[[0;32m  OK  [0m] Started Deferred execution scheduler.
         Starting LSB: Record successful boot for GRUB...
[[0;32m  OK  [0m] Started kubelet: The Kubernetes Node Agent.
         Starting LSB: automatic crash report generation...
[[0;32m  OK  [0m] Started irqbalance daemon.
         Starting containerd container runtime...
         Starting System Logging Service...
         Starting Snap Daemon...
         Starting OpenBSD Secure Shell server...
[[0;32m  OK  [0m] Started Regular background program processing daemon.
         Starting Dispatcher daemon for systemd-networkd...
[[0;32m  OK  [0m] Started Permit User Sessions.
[[0;32m  OK  [0m] Started System Logging Service.
[[0;32m  OK  [0m] Started LXD - container startup/shutdown.
[[0;32m  OK  [0m] Started containerd container runtime.
[[0;32m  OK  [0m] Started Login Service.
[[0;32m  OK  [0m] Started Unattended Upgrades Shutdown.
         Starting Docker Application Container Engine...
         Starting Authorization Manager...
         Starting Terminate Plymouth Boot Screen...
         Starting Hold until boot process finishes up...
[[0;32m  OK  [0m] Started Terminate Plymouth Boot Screen.
[[0;32m  OK  [0m] Started Hold until boot process finishes up.
[[0;32m  OK  [0m] Started Serial Getty on ttyS0.
         Starting Set console scheme...
[[0;32m  OK  [0m] Started LSB: automatic crash report generation.
[[0;32m  OK  [0m] Started OpenBSD Secure Shell server.
[[0;32m  OK  [0m] Started Set console scheme.
[[0;32m  OK  [0m] Started LSB: Record successful boot for GRUB.
[[0;32m  OK  [0m] Created slice system-getty.slice.
[[0;32m  OK  [0m] Started Getty on tty1.
[[0;32m  OK  [0m] Reached target Login Prompts.
[[0;32m  OK  [0m] Started Authorization Manager.
[[0;32m  OK  [0m] Started Accounts Service.
[[0;32m  OK  [0m] Started Virtualbox guest utils.
[[0;32m  OK  [0m] Started Dispatcher daemon for systemd-networkd.
[[0;32m  OK  [0m] Started Snap Daemon.
         Starting Wait until snapd is fully seeded...
[[0;32m  OK  [0m] Started Wait until snapd is fully seeded.
         Starting Apply the settings specified in cloud-config...
[   18.637365] cloud-init[1113]: Cloud-init v. 20.2-45-g5f7825e2-0ubuntu1~18.04.1 running 'modules:config' at Sat, 10 Oct 2020 21:05:44 +0000. Up 18.49 seconds.
[[0;32m  OK  [0m] Created slice User Slice of vagrant.
         Starting User Manager for UID 1000...
[[0;32m  OK  [0m] Started Session 1 of user vagrant.
[[0;32m  OK  [0m] Started Apply the settings specified in cloud-config.
[[0;32m  OK  [0m] Started User Manager for UID 1000.
[[0;32m  OK  [0m] Started Docker Application Container Engine.
[[0;32m  OK  [0m] Reached target Multi-User System.
         Starting Execute cloud user/final scripts...
[[0;32m  OK  [0m] Reached target Graphical Interface.
         Starting Update UTMP about System Runlevel Changes...
[[0;32m  OK  [0m] Started Update UTMP about System Runlevel Changes.
[   19.837446] cloud-init[1381]: Cloud-init v. 20.2-45-g5f7825e2-0ubuntu1~18.04.1 running 'modules:final' at Sat, 10 Oct 2020 21:05:45 +0000. Up 19.74 seconds.
[   19.838675] cloud-init[1381]: Cloud-init v. 20.2-45-g5f7825e2-0ubuntu1~18.04.1 finished at Sat, 10 Oct 2020 21:05:45 +0000. Datasource DataSourceNoCloud [seed=/dev/sdb][dsmode=net].  Up 19.83 seconds
[[0;32m  OK  [0m] Started Execute cloud user/final scripts.
[[0;32m  OK  [0m] Reached target Cloud-init target.

Ubuntu 18.04.5 LTS kubenode2 ttyS0

kubenode2 login: 